<?xml version="1.0" encoding="UTF-8"?>
<!-- Generated by org.testng.reporters.JUnitReportReporter -->
<testsuite skipped="0" hostname="DESKTOP-BPU89PK" name="FileExistsTest" tests="1" failures="0" timestamp="2021-10-22T21:49:10 CDT" time="0.009" errors="0">
  <testcase name="checkIfFileExists" time="0.009" classname="FileExistsTest"/>
  <system-out/>
</testsuite> <!-- FileExistsTest -->
