<?xml version="1.0" encoding="UTF-8"?>
<!-- Generated by org.testng.reporters.JUnitReportReporter -->
<testsuite skipped="0" hostname="DESKTOP-BPU89PK" name="test.DictionaryTest" tests="1" failures="0" timestamp="2021-10-23T16:20:12 CDT" time="0.343" errors="0">
  <testcase name="readWordandPossiblemeaning" time="0.343" classname="test.DictionaryTest"/>
  <system-out/>
</testsuite> <!-- test.DictionaryTest -->
