<?xml version="1.0" encoding="UTF-8"?>
<!-- Generated by org.testng.reporters.JUnitReportReporter -->
<testsuite skipped="0" hostname="DESKTOP-BPU89PK" name="test.FileExistsTest" tests="1" failures="0" timestamp="2021-10-23T16:04:31 CDT" time="0.022" errors="0">
  <testcase name="checkIfFileExists" time="0.022" classname="test.FileExistsTest"/>
  <system-out/>
</testsuite> <!-- test.FileExistsTest -->
