<?xml version="1.0" encoding="UTF-8"?>
<!-- Generated by org.testng.reporters.JUnitReportReporter -->
<testsuite skipped="0" hostname="DESKTOP-BPU89PK" name="dictionary_Practical.Dictionary" tests="1" failures="0" timestamp="2021-10-23T16:18:07 CDT" time="0.348" errors="0">
  <testcase name="readWordandPossiblemeaning" time="0.348" classname="dictionary_Practical.Dictionary"/>
  <system-out/>
</testsuite> <!-- dictionary_Practical.Dictionary -->
